#! /opt/homebrew/Cellar/icarus-verilog/12.0/bin/vvp
:ivl_version "12.0 (stable)";
:ivl_delay_selection "TYPICAL";
:vpi_time_precision - 12;
:vpi_module "/opt/homebrew/Cellar/icarus-verilog/12.0/lib/ivl/system.vpi";
:vpi_module "/opt/homebrew/Cellar/icarus-verilog/12.0/lib/ivl/vhdl_sys.vpi";
:vpi_module "/opt/homebrew/Cellar/icarus-verilog/12.0/lib/ivl/vhdl_textio.vpi";
:vpi_module "/opt/homebrew/Cellar/icarus-verilog/12.0/lib/ivl/v2005_math.vpi";
:vpi_module "/opt/homebrew/Cellar/icarus-verilog/12.0/lib/ivl/va_math.vpi";
S_0x105852410 .scope module, "sr_flipFlop_tb" "sr_flipFlop_tb" 2 3;
 .timescale -9 -12;
v0x105858ed0_0 .var "clk", 0 0;
v0x105858f70_0 .net "q", 0 0, v0x105858bb0_0;  1 drivers
v0x105859010_0 .net "qn", 0 0, L_0x1058591f0;  1 drivers
v0x1058590b0_0 .var "r", 0 0;
v0x105859150_0 .var "s", 0 0;
S_0x105852590 .scope module, "dut" "sr_flipFlop" 2 9, 3 1 0, S_0x105852410;
 .timescale 0 0;
    .port_info 0 /INPUT 1 "s";
    .port_info 1 /INPUT 1 "r";
    .port_info 2 /INPUT 1 "clk";
    .port_info 3 /INPUT 1 "reset";
    .port_info 4 /OUTPUT 1 "q";
    .port_info 5 /OUTPUT 1 "qn";
L_0x1058591f0 .functor NOT 1, v0x105858bb0_0, C4<0>, C4<0>, C4<0>;
v0x1058508d0_0 .net "clk", 0 0, v0x105858ed0_0;  1 drivers
v0x105858bb0_0 .var "q", 0 0;
v0x105858c50_0 .net "qn", 0 0, L_0x1058591f0;  alias, 1 drivers
v0x105858cf0_0 .net "r", 0 0, v0x1058590b0_0;  1 drivers
o0xac74200d0 .functor BUFZ 1, C4<z>; HiZ drive
v0x105858d90_0 .net "reset", 0 0, o0xac74200d0;  0 drivers
v0x105858e30_0 .net "s", 0 0, v0x105859150_0;  1 drivers
E_0xac6c00780 .event posedge, v0x1058508d0_0;
    .scope S_0x105852590;
T_0 ;
    %wait E_0xac6c00780;
    %load/vec4 v0x105858e30_0;
    %load/vec4 v0x105858cf0_0;
    %concat/vec4; draw_concat_vec4
    %dup/vec4;
    %pushi/vec4 0, 0, 2;
    %cmp/u;
    %jmp/1 T_0.0, 6;
    %dup/vec4;
    %pushi/vec4 1, 0, 2;
    %cmp/u;
    %jmp/1 T_0.1, 6;
    %dup/vec4;
    %pushi/vec4 2, 0, 2;
    %cmp/u;
    %jmp/1 T_0.2, 6;
    %dup/vec4;
    %pushi/vec4 3, 0, 2;
    %cmp/u;
    %jmp/1 T_0.3, 6;
    %jmp T_0.4;
T_0.0 ;
    %load/vec4 v0x105858bb0_0;
    %assign/vec4 v0x105858bb0_0, 0;
    %jmp T_0.4;
T_0.1 ;
    %pushi/vec4 0, 0, 1;
    %assign/vec4 v0x105858bb0_0, 0;
    %jmp T_0.4;
T_0.2 ;
    %pushi/vec4 1, 0, 1;
    %assign/vec4 v0x105858bb0_0, 0;
    %jmp T_0.4;
T_0.3 ;
    %pushi/vec4 0, 1, 1;
    %assign/vec4 v0x105858bb0_0, 0;
    %jmp T_0.4;
T_0.4 ;
    %pop/vec4 1;
    %jmp T_0;
    .thread T_0;
    .scope S_0x105852410;
T_1 ;
    %pushi/vec4 0, 0, 1;
    %store/vec4 v0x105858ed0_0, 0, 1;
T_1.0 ;
    %delay 5000, 0;
    %load/vec4 v0x105858ed0_0;
    %inv;
    %store/vec4 v0x105858ed0_0, 0, 1;
    %jmp T_1.0;
    %end;
    .thread T_1;
    .scope S_0x105852410;
T_2 ;
    %vpi_call 2 18 "$dumpfile", "sr_flipFlop.vcd" {0 0 0};
    %vpi_call 2 19 "$dumpvars" {0 0 0};
    %end;
    .thread T_2;
    .scope S_0x105852410;
T_3 ;
    %vpi_call 2 23 "$monitor", $time, " clk=%b    S=%b    R=%b    |   Q=%b    Qn=%b", v0x105858ed0_0, v0x105859150_0, v0x1058590b0_0, v0x105858f70_0, v0x105859010_0 {0 0 0};
    %end;
    .thread T_3;
    .scope S_0x105852410;
T_4 ;
    %pushi/vec4 0, 0, 1;
    %store/vec4 v0x105859150_0, 0, 1;
    %pushi/vec4 0, 0, 1;
    %store/vec4 v0x1058590b0_0, 0, 1;
    %delay 12000, 0;
    %pushi/vec4 1, 0, 1;
    %store/vec4 v0x105859150_0, 0, 1;
    %pushi/vec4 0, 0, 1;
    %store/vec4 v0x1058590b0_0, 0, 1;
    %delay 10000, 0;
    %pushi/vec4 0, 0, 1;
    %store/vec4 v0x105859150_0, 0, 1;
    %pushi/vec4 0, 0, 1;
    %store/vec4 v0x1058590b0_0, 0, 1;
    %delay 12000, 0;
    %pushi/vec4 0, 0, 1;
    %store/vec4 v0x105859150_0, 0, 1;
    %pushi/vec4 1, 0, 1;
    %store/vec4 v0x1058590b0_0, 0, 1;
    %delay 10000, 0;
    %pushi/vec4 0, 0, 1;
    %store/vec4 v0x105859150_0, 0, 1;
    %pushi/vec4 0, 0, 1;
    %store/vec4 v0x1058590b0_0, 0, 1;
    %delay 12000, 0;
    %pushi/vec4 1, 0, 1;
    %store/vec4 v0x105859150_0, 0, 1;
    %pushi/vec4 1, 0, 1;
    %store/vec4 v0x1058590b0_0, 0, 1;
    %delay 10000, 0;
    %pushi/vec4 0, 0, 1;
    %store/vec4 v0x105859150_0, 0, 1;
    %pushi/vec4 0, 0, 1;
    %store/vec4 v0x1058590b0_0, 0, 1;
    %delay 20000, 0;
    %vpi_call 2 44 "$finish" {0 0 0};
    %end;
    .thread T_4;
# The file index is used to find the file name in the following table.
:file_names 4;
    "N/A";
    "<interactive>";
    "src/sr_flipflop/sr_flipflop_tb.v";
    "src/sr_flipflop/sr_flipflop.v";
