#! /opt/homebrew/Cellar/icarus-verilog/12.0/bin/vvp
:ivl_version "12.0 (stable)";
:ivl_delay_selection "TYPICAL";
:vpi_time_precision + 0;
:vpi_module "/opt/homebrew/Cellar/icarus-verilog/12.0/lib/ivl/system.vpi";
:vpi_module "/opt/homebrew/Cellar/icarus-verilog/12.0/lib/ivl/vhdl_sys.vpi";
:vpi_module "/opt/homebrew/Cellar/icarus-verilog/12.0/lib/ivl/vhdl_textio.vpi";
:vpi_module "/opt/homebrew/Cellar/icarus-verilog/12.0/lib/ivl/v2005_math.vpi";
:vpi_module "/opt/homebrew/Cellar/icarus-verilog/12.0/lib/ivl/va_math.vpi";
S_0x1055d8310 .scope module, "alu8_tb" "alu8_tb" 2 1;
 .timescale 0 0;
v0x1055dd490_0 .var "A", 7 0;
v0x1055dd530_0 .net "ALU_Out", 7 0, v0x1055d4a10_0;  1 drivers
v0x1055dd5d0_0 .var "ALU_Sel", 2 0;
v0x1055dd670_0 .var "B", 7 0;
S_0x1055d47f0 .scope module, "dut" "alu8" 2 7, 3 1 0, S_0x1055d8310;
 .timescale 0 0;
    .port_info 0 /INPUT 8 "A";
    .port_info 1 /INPUT 8 "B";
    .port_info 2 /INPUT 3 "ALU_Sel";
    .port_info 3 /OUTPUT 8 "ALU_Out";
v0x1055d4970_0 .net "A", 7 0, v0x1055dd490_0;  1 drivers
v0x1055d4a10_0 .var "ALU_Out", 7 0;
v0x1055dd350_0 .net "ALU_Sel", 2 0, v0x1055dd5d0_0;  1 drivers
v0x1055dd3f0_0 .net "B", 7 0, v0x1055dd670_0;  1 drivers
E_0x9ee83cd80 .event anyedge, v0x1055dd350_0, v0x1055d4970_0, v0x1055dd3f0_0;
    .scope S_0x1055d47f0;
T_0 ;
    %wait E_0x9ee83cd80;
    %load/vec4 v0x1055dd350_0;
    %dup/vec4;
    %pushi/vec4 0, 0, 3;
    %cmp/u;
    %jmp/1 T_0.0, 6;
    %dup/vec4;
    %pushi/vec4 1, 0, 3;
    %cmp/u;
    %jmp/1 T_0.1, 6;
    %dup/vec4;
    %pushi/vec4 2, 0, 3;
    %cmp/u;
    %jmp/1 T_0.2, 6;
    %dup/vec4;
    %pushi/vec4 3, 0, 3;
    %cmp/u;
    %jmp/1 T_0.3, 6;
    %dup/vec4;
    %pushi/vec4 4, 0, 3;
    %cmp/u;
    %jmp/1 T_0.4, 6;
    %dup/vec4;
    %pushi/vec4 5, 0, 3;
    %cmp/u;
    %jmp/1 T_0.5, 6;
    %dup/vec4;
    %pushi/vec4 6, 0, 3;
    %cmp/u;
    %jmp/1 T_0.6, 6;
    %dup/vec4;
    %pushi/vec4 7, 0, 3;
    %cmp/u;
    %jmp/1 T_0.7, 6;
    %pushi/vec4 0, 0, 8;
    %store/vec4 v0x1055d4a10_0, 0, 8;
    %jmp T_0.9;
T_0.0 ;
    %load/vec4 v0x1055d4970_0;
    %load/vec4 v0x1055dd3f0_0;
    %add;
    %store/vec4 v0x1055d4a10_0, 0, 8;
    %jmp T_0.9;
T_0.1 ;
    %load/vec4 v0x1055d4970_0;
    %load/vec4 v0x1055dd3f0_0;
    %sub;
    %store/vec4 v0x1055d4a10_0, 0, 8;
    %jmp T_0.9;
T_0.2 ;
    %load/vec4 v0x1055d4970_0;
    %load/vec4 v0x1055dd3f0_0;
    %and;
    %store/vec4 v0x1055d4a10_0, 0, 8;
    %jmp T_0.9;
T_0.3 ;
    %load/vec4 v0x1055d4970_0;
    %load/vec4 v0x1055dd3f0_0;
    %or;
    %store/vec4 v0x1055d4a10_0, 0, 8;
    %jmp T_0.9;
T_0.4 ;
    %load/vec4 v0x1055d4970_0;
    %load/vec4 v0x1055dd3f0_0;
    %xor;
    %store/vec4 v0x1055d4a10_0, 0, 8;
    %jmp T_0.9;
T_0.5 ;
    %load/vec4 v0x1055d4970_0;
    %load/vec4 v0x1055dd3f0_0;
    %and;
    %inv;
    %store/vec4 v0x1055d4a10_0, 0, 8;
    %jmp T_0.9;
T_0.6 ;
    %load/vec4 v0x1055d4970_0;
    %load/vec4 v0x1055dd3f0_0;
    %or;
    %inv;
    %store/vec4 v0x1055d4a10_0, 0, 8;
    %jmp T_0.9;
T_0.7 ;
    %load/vec4 v0x1055d4970_0;
    %load/vec4 v0x1055dd3f0_0;
    %xor;
    %inv;
    %store/vec4 v0x1055d4a10_0, 0, 8;
    %jmp T_0.9;
T_0.9 ;
    %pop/vec4 1;
    %jmp T_0;
    .thread T_0, $push;
    .scope S_0x1055d8310;
T_1 ;
    %pushi/vec4 15, 0, 8;
    %store/vec4 v0x1055dd490_0, 0, 8;
    %pushi/vec4 1, 0, 8;
    %store/vec4 v0x1055dd670_0, 0, 8;
    %pushi/vec4 0, 0, 3;
    %store/vec4 v0x1055dd5d0_0, 0, 3;
    %delay 10, 0;
    %pushi/vec4 15, 0, 8;
    %store/vec4 v0x1055dd490_0, 0, 8;
    %pushi/vec4 1, 0, 8;
    %store/vec4 v0x1055dd670_0, 0, 8;
    %pushi/vec4 1, 0, 3;
    %store/vec4 v0x1055dd5d0_0, 0, 3;
    %delay 10, 0;
    %pushi/vec4 204, 0, 8;
    %store/vec4 v0x1055dd490_0, 0, 8;
    %pushi/vec4 170, 0, 8;
    %store/vec4 v0x1055dd670_0, 0, 8;
    %pushi/vec4 2, 0, 3;
    %store/vec4 v0x1055dd5d0_0, 0, 3;
    %delay 10, 0;
    %pushi/vec4 204, 0, 8;
    %store/vec4 v0x1055dd490_0, 0, 8;
    %pushi/vec4 170, 0, 8;
    %store/vec4 v0x1055dd670_0, 0, 8;
    %pushi/vec4 3, 0, 3;
    %store/vec4 v0x1055dd5d0_0, 0, 3;
    %delay 10, 0;
    %pushi/vec4 204, 0, 8;
    %store/vec4 v0x1055dd490_0, 0, 8;
    %pushi/vec4 170, 0, 8;
    %store/vec4 v0x1055dd670_0, 0, 8;
    %pushi/vec4 4, 0, 3;
    %store/vec4 v0x1055dd5d0_0, 0, 3;
    %delay 10, 0;
    %pushi/vec4 204, 0, 8;
    %store/vec4 v0x1055dd490_0, 0, 8;
    %pushi/vec4 170, 0, 8;
    %store/vec4 v0x1055dd670_0, 0, 8;
    %pushi/vec4 5, 0, 3;
    %store/vec4 v0x1055dd5d0_0, 0, 3;
    %delay 10, 0;
    %pushi/vec4 204, 0, 8;
    %store/vec4 v0x1055dd490_0, 0, 8;
    %pushi/vec4 170, 0, 8;
    %store/vec4 v0x1055dd670_0, 0, 8;
    %pushi/vec4 6, 0, 3;
    %store/vec4 v0x1055dd5d0_0, 0, 3;
    %delay 10, 0;
    %pushi/vec4 204, 0, 8;
    %store/vec4 v0x1055dd490_0, 0, 8;
    %pushi/vec4 170, 0, 8;
    %store/vec4 v0x1055dd670_0, 0, 8;
    %pushi/vec4 7, 0, 3;
    %store/vec4 v0x1055dd5d0_0, 0, 3;
    %delay 10, 0;
    %vpi_call 2 35 "$finish" {0 0 0};
    %end;
    .thread T_1;
    .scope S_0x1055d8310;
T_2 ;
    %vpi_call 2 39 "$dumpfile", "alu.vcd" {0 0 0};
    %vpi_call 2 40 "$dumpvars" {0 0 0};
    %end;
    .thread T_2;
    .scope S_0x1055d8310;
T_3 ;
    %vpi_call 2 43 "$monitor", $time, " A=%b B=%b ALU_Sel=%b | ALU_Out=%b", v0x1055dd490_0, v0x1055dd670_0, v0x1055dd5d0_0, v0x1055dd530_0 {0 0 0};
    %end;
    .thread T_3;
# The file index is used to find the file name in the following table.
:file_names 4;
    "N/A";
    "<interactive>";
    "src/ALU_8bit/alu_tb.v";
    "src/ALU_8bit/alu.v";
