#! /opt/homebrew/Cellar/icarus-verilog/12.0/bin/vvp
:ivl_version "12.0 (stable)";
:ivl_delay_selection "TYPICAL";
:vpi_time_precision + 0;
:vpi_module "/opt/homebrew/Cellar/icarus-verilog/12.0/lib/ivl/system.vpi";
:vpi_module "/opt/homebrew/Cellar/icarus-verilog/12.0/lib/ivl/vhdl_sys.vpi";
:vpi_module "/opt/homebrew/Cellar/icarus-verilog/12.0/lib/ivl/vhdl_textio.vpi";
:vpi_module "/opt/homebrew/Cellar/icarus-verilog/12.0/lib/ivl/v2005_math.vpi";
:vpi_module "/opt/homebrew/Cellar/icarus-verilog/12.0/lib/ivl/va_math.vpi";
S_0x1011a33a0 .scope module, "decoder2_4_tb" "decoder2_4_tb" 2 1;
 .timescale 0 0;
v0x1011a8a10_0 .var "A", 0 0;
v0x1011a8ab0_0 .var "B", 0 0;
v0x1011a8ed0_0 .var "en", 0 0;
v0x1011a8f70_0 .net "y", 3 0, v0x1011a8970_0;  1 drivers
S_0x1011a0070 .scope module, "dut" "decoder2_4" 2 5, 3 1 0, S_0x1011a33a0;
 .timescale 0 0;
    .port_info 0 /INPUT 1 "A";
    .port_info 1 /INPUT 1 "B";
    .port_info 2 /INPUT 1 "en";
    .port_info 3 /OUTPUT 4 "y";
v0x1011a01f0_0 .net "A", 0 0, v0x1011a8a10_0;  1 drivers
v0x1011a0290_0 .net "B", 0 0, v0x1011a8ab0_0;  1 drivers
v0x1011a88d0_0 .net "en", 0 0, v0x1011a8ed0_0;  1 drivers
v0x1011a8970_0 .var "y", 3 0;
E_0xa65004580 .event anyedge, v0x1011a88d0_0, v0x1011a01f0_0, v0x1011a0290_0;
    .scope S_0x1011a0070;
T_0 ;
    %wait E_0xa65004580;
    %load/vec4 v0x1011a88d0_0;
    %flag_set/vec4 8;
    %jmp/0xz  T_0.0, 8;
    %load/vec4 v0x1011a01f0_0;
    %cmpi/e 0, 0, 1;
    %flag_get/vec4 4;
    %jmp/0 T_0.4, 4;
    %load/vec4 v0x1011a0290_0;
    %pushi/vec4 0, 0, 1;
    %cmp/e;
    %flag_get/vec4 4;
    %and;
T_0.4;
    %flag_set/vec4 8;
    %jmp/0xz  T_0.2, 8;
    %pushi/vec4 1, 0, 4;
    %store/vec4 v0x1011a8970_0, 0, 4;
    %jmp T_0.3;
T_0.2 ;
    %load/vec4 v0x1011a01f0_0;
    %cmpi/e 0, 0, 1;
    %flag_get/vec4 4;
    %jmp/0 T_0.7, 4;
    %load/vec4 v0x1011a0290_0;
    %pushi/vec4 1, 0, 1;
    %cmp/e;
    %flag_get/vec4 4;
    %and;
T_0.7;
    %flag_set/vec4 8;
    %jmp/0xz  T_0.5, 8;
    %pushi/vec4 2, 0, 4;
    %store/vec4 v0x1011a8970_0, 0, 4;
    %jmp T_0.6;
T_0.5 ;
    %load/vec4 v0x1011a01f0_0;
    %cmpi/e 1, 0, 1;
    %flag_get/vec4 4;
    %jmp/0 T_0.10, 4;
    %load/vec4 v0x1011a0290_0;
    %pushi/vec4 0, 0, 1;
    %cmp/e;
    %flag_get/vec4 4;
    %and;
T_0.10;
    %flag_set/vec4 8;
    %jmp/0xz  T_0.8, 8;
    %pushi/vec4 4, 0, 4;
    %store/vec4 v0x1011a8970_0, 0, 4;
    %jmp T_0.9;
T_0.8 ;
    %pushi/vec4 8, 0, 4;
    %store/vec4 v0x1011a8970_0, 0, 4;
T_0.9 ;
T_0.6 ;
T_0.3 ;
    %jmp T_0.1;
T_0.0 ;
    %pushi/vec4 15, 15, 4;
    %store/vec4 v0x1011a8970_0, 0, 4;
T_0.1 ;
    %jmp T_0;
    .thread T_0, $push;
    .scope S_0x1011a33a0;
T_1 ;
    %pushi/vec4 1, 0, 1;
    %store/vec4 v0x1011a8ed0_0, 0, 1;
    %pushi/vec4 0, 0, 1;
    %store/vec4 v0x1011a8a10_0, 0, 1;
    %pushi/vec4 0, 0, 1;
    %store/vec4 v0x1011a8ab0_0, 0, 1;
    %delay 10, 0;
    %pushi/vec4 1, 0, 1;
    %store/vec4 v0x1011a8ed0_0, 0, 1;
    %pushi/vec4 0, 0, 1;
    %store/vec4 v0x1011a8a10_0, 0, 1;
    %pushi/vec4 1, 0, 1;
    %store/vec4 v0x1011a8ab0_0, 0, 1;
    %delay 10, 0;
    %pushi/vec4 1, 0, 1;
    %store/vec4 v0x1011a8ed0_0, 0, 1;
    %pushi/vec4 1, 0, 1;
    %store/vec4 v0x1011a8a10_0, 0, 1;
    %pushi/vec4 0, 0, 1;
    %store/vec4 v0x1011a8ab0_0, 0, 1;
    %delay 10, 0;
    %pushi/vec4 1, 0, 1;
    %store/vec4 v0x1011a8ed0_0, 0, 1;
    %pushi/vec4 1, 0, 1;
    %store/vec4 v0x1011a8a10_0, 0, 1;
    %pushi/vec4 1, 0, 1;
    %store/vec4 v0x1011a8ab0_0, 0, 1;
    %delay 10, 0;
    %pushi/vec4 0, 0, 1;
    %store/vec4 v0x1011a8ed0_0, 0, 1;
    %pushi/vec4 0, 0, 1;
    %store/vec4 v0x1011a8a10_0, 0, 1;
    %pushi/vec4 0, 0, 1;
    %store/vec4 v0x1011a8ab0_0, 0, 1;
    %delay 10, 0;
    %pushi/vec4 0, 0, 1;
    %store/vec4 v0x1011a8ed0_0, 0, 1;
    %pushi/vec4 0, 0, 1;
    %store/vec4 v0x1011a8a10_0, 0, 1;
    %pushi/vec4 1, 0, 1;
    %store/vec4 v0x1011a8ab0_0, 0, 1;
    %delay 10, 0;
    %pushi/vec4 0, 0, 1;
    %store/vec4 v0x1011a8ed0_0, 0, 1;
    %pushi/vec4 1, 0, 1;
    %store/vec4 v0x1011a8a10_0, 0, 1;
    %pushi/vec4 0, 0, 1;
    %store/vec4 v0x1011a8ab0_0, 0, 1;
    %delay 10, 0;
    %pushi/vec4 0, 0, 1;
    %store/vec4 v0x1011a8ed0_0, 0, 1;
    %pushi/vec4 1, 0, 1;
    %store/vec4 v0x1011a8a10_0, 0, 1;
    %pushi/vec4 1, 0, 1;
    %store/vec4 v0x1011a8ab0_0, 0, 1;
    %delay 10, 0;
    %vpi_call 2 20 "$finish" {0 0 0};
    %end;
    .thread T_1;
    .scope S_0x1011a33a0;
T_2 ;
    %vpi_call 2 24 "$dumpfile", "decoder2_4.vcd" {0 0 0};
    %vpi_call 2 25 "$dumpvars" {0 0 0};
    %end;
    .thread T_2;
    .scope S_0x1011a33a0;
T_3 ;
    %vpi_call 2 29 "$monitor", $time, " en=%b A=%b B=%b | y=%b", v0x1011a8ed0_0, v0x1011a8a10_0, v0x1011a8ab0_0, v0x1011a8f70_0 {0 0 0};
    %end;
    .thread T_3;
# The file index is used to find the file name in the following table.
:file_names 4;
    "N/A";
    "<interactive>";
    "src/decoder/decoder24_tb.v";
    "src/decoder/decoder24.v";
