#! /opt/homebrew/Cellar/icarus-verilog/12.0/bin/vvp
:ivl_version "12.0 (stable)";
:ivl_delay_selection "TYPICAL";
:vpi_time_precision + 0;
:vpi_module "/opt/homebrew/Cellar/icarus-verilog/12.0/lib/ivl/system.vpi";
:vpi_module "/opt/homebrew/Cellar/icarus-verilog/12.0/lib/ivl/vhdl_sys.vpi";
:vpi_module "/opt/homebrew/Cellar/icarus-verilog/12.0/lib/ivl/vhdl_textio.vpi";
:vpi_module "/opt/homebrew/Cellar/icarus-verilog/12.0/lib/ivl/v2005_math.vpi";
:vpi_module "/opt/homebrew/Cellar/icarus-verilog/12.0/lib/ivl/va_math.vpi";
S_0x1032087f0 .scope module, "jk_flipflop_tb" "jk_flipflop_tb" 2 1;
 .timescale 0 0;
v0x1032123f0_0 .var "clk", 0 0;
v0x103212490_0 .var "j", 0 0;
v0x103212530_0 .var "k", 0 0;
v0x1032125d0_0 .net "q", 0 0, v0x1032122b0_0;  1 drivers
v0x103212d50_0 .net "qn", 0 0, v0x103212350_0;  1 drivers
S_0x103208970 .scope module, "dut" "jk_flipflop" 2 6, 3 1 0, S_0x1032087f0;
 .timescale 0 0;
    .port_info 0 /INPUT 1 "j";
    .port_info 1 /INPUT 1 "k";
    .port_info 2 /INPUT 1 "clk";
    .port_info 3 /OUTPUT 1 "q";
    .port_info 4 /OUTPUT 1 "qn";
v0x10320c380_0 .net "clk", 0 0, v0x1032123f0_0;  1 drivers
v0x103212170_0 .net "j", 0 0, v0x103212490_0;  1 drivers
v0x103212210_0 .net "k", 0 0, v0x103212530_0;  1 drivers
v0x1032122b0_0 .var "q", 0 0;
v0x103212350_0 .var "qn", 0 0;
E_0x9f2830e80 .event posedge, v0x10320c380_0;
    .scope S_0x103208970;
T_0 ;
    %wait E_0x9f2830e80;
    %load/vec4 v0x103212170_0;
    %load/vec4 v0x103212210_0;
    %concat/vec4; draw_concat_vec4
    %dup/vec4;
    %pushi/vec4 0, 0, 2;
    %cmp/u;
    %jmp/1 T_0.0, 6;
    %dup/vec4;
    %pushi/vec4 1, 0, 2;
    %cmp/u;
    %jmp/1 T_0.1, 6;
    %dup/vec4;
    %pushi/vec4 2, 0, 2;
    %cmp/u;
    %jmp/1 T_0.2, 6;
    %dup/vec4;
    %pushi/vec4 3, 0, 2;
    %cmp/u;
    %jmp/1 T_0.3, 6;
    %jmp T_0.4;
T_0.0 ;
    %load/vec4 v0x1032122b0_0;
    %assign/vec4 v0x1032122b0_0, 0;
    %load/vec4 v0x103212350_0;
    %assign/vec4 v0x103212350_0, 0;
    %jmp T_0.4;
T_0.1 ;
    %pushi/vec4 0, 0, 1;
    %assign/vec4 v0x1032122b0_0, 0;
    %pushi/vec4 1, 0, 1;
    %assign/vec4 v0x103212350_0, 0;
    %jmp T_0.4;
T_0.2 ;
    %pushi/vec4 1, 0, 1;
    %assign/vec4 v0x1032122b0_0, 0;
    %pushi/vec4 0, 0, 1;
    %assign/vec4 v0x103212350_0, 0;
    %jmp T_0.4;
T_0.3 ;
    %load/vec4 v0x1032122b0_0;
    %inv;
    %assign/vec4 v0x1032122b0_0, 0;
    %load/vec4 v0x103212350_0;
    %inv;
    %assign/vec4 v0x103212350_0, 0;
    %jmp T_0.4;
T_0.4 ;
    %pop/vec4 1;
    %jmp T_0;
    .thread T_0;
    .scope S_0x1032087f0;
T_1 ;
    %pushi/vec4 0, 0, 1;
    %store/vec4 v0x1032123f0_0, 0, 1;
T_1.0 ;
    %delay 5, 0;
    %load/vec4 v0x1032123f0_0;
    %inv;
    %store/vec4 v0x1032123f0_0, 0, 1;
    %jmp T_1.0;
    %end;
    .thread T_1;
    .scope S_0x1032087f0;
T_2 ;
    %pushi/vec4 0, 0, 1;
    %store/vec4 v0x103212490_0, 0, 1;
    %pushi/vec4 0, 0, 1;
    %store/vec4 v0x103212530_0, 0, 1;
    %delay 12, 0;
    %pushi/vec4 1, 0, 1;
    %store/vec4 v0x103212490_0, 0, 1;
    %pushi/vec4 0, 0, 1;
    %store/vec4 v0x103212530_0, 0, 1;
    %delay 10, 0;
    %pushi/vec4 0, 0, 1;
    %store/vec4 v0x103212490_0, 0, 1;
    %pushi/vec4 0, 0, 1;
    %store/vec4 v0x103212530_0, 0, 1;
    %delay 12, 0;
    %pushi/vec4 0, 0, 1;
    %store/vec4 v0x103212490_0, 0, 1;
    %pushi/vec4 1, 0, 1;
    %store/vec4 v0x103212530_0, 0, 1;
    %delay 10, 0;
    %pushi/vec4 0, 0, 1;
    %store/vec4 v0x103212490_0, 0, 1;
    %pushi/vec4 0, 0, 1;
    %store/vec4 v0x103212530_0, 0, 1;
    %delay 12, 0;
    %pushi/vec4 1, 0, 1;
    %store/vec4 v0x103212490_0, 0, 1;
    %pushi/vec4 1, 0, 1;
    %store/vec4 v0x103212530_0, 0, 1;
    %delay 10, 0;
    %pushi/vec4 0, 0, 1;
    %store/vec4 v0x103212490_0, 0, 1;
    %pushi/vec4 0, 0, 1;
    %store/vec4 v0x103212530_0, 0, 1;
    %delay 12, 0;
    %pushi/vec4 1, 0, 1;
    %store/vec4 v0x103212490_0, 0, 1;
    %pushi/vec4 1, 0, 1;
    %store/vec4 v0x103212530_0, 0, 1;
    %delay 10, 0;
    %pushi/vec4 0, 0, 1;
    %store/vec4 v0x103212490_0, 0, 1;
    %pushi/vec4 0, 0, 1;
    %store/vec4 v0x103212530_0, 0, 1;
    %delay 20, 0;
    %vpi_call 2 32 "$finish" {0 0 0};
    %end;
    .thread T_2;
    .scope S_0x1032087f0;
T_3 ;
    %vpi_call 2 37 "$dumpfile", "jk_flipflop.vcd" {0 0 0};
    %vpi_call 2 38 "$dumpvars" {0 0 0};
    %end;
    .thread T_3;
    .scope S_0x1032087f0;
T_4 ;
    %vpi_call 2 42 "$monitor", $time, " clk=%b    J=%b    K=%b    |   Q=%b    Qn=%b", v0x1032123f0_0, v0x103212490_0, v0x103212530_0, v0x1032125d0_0, v0x103212d50_0 {0 0 0};
    %end;
    .thread T_4;
# The file index is used to find the file name in the following table.
:file_names 4;
    "N/A";
    "<interactive>";
    "src/jk_flipflop/jkflipflop_tb.v";
    "src/jk_flipflop/jkflipflop.v";
