#! /opt/homebrew/Cellar/icarus-verilog/12.0/bin/vvp
:ivl_version "12.0 (stable)";
:ivl_delay_selection "TYPICAL";
:vpi_time_precision - 12;
:vpi_module "/opt/homebrew/Cellar/icarus-verilog/12.0/lib/ivl/system.vpi";
:vpi_module "/opt/homebrew/Cellar/icarus-verilog/12.0/lib/ivl/vhdl_sys.vpi";
:vpi_module "/opt/homebrew/Cellar/icarus-verilog/12.0/lib/ivl/vhdl_textio.vpi";
:vpi_module "/opt/homebrew/Cellar/icarus-verilog/12.0/lib/ivl/v2005_math.vpi";
:vpi_module "/opt/homebrew/Cellar/icarus-verilog/12.0/lib/ivl/va_math.vpi";
S_0x10047e9f0 .scope module, "half_adder_tb" "half_adder_tb" 2 3;
 .timescale -9 -12;
v0x1004874c0_0 .var "a", 0 0;
v0x100487560_0 .var "b", 0 0;
v0x100487600_0 .net "carry", 0 0, v0x100487360_0;  1 drivers
v0x1004876a0_0 .net "sum", 0 0, v0x100487400_0;  1 drivers
S_0x10047eb70 .scope module, "dut" "half_adder" 2 9, 3 1 0, S_0x10047e9f0;
 .timescale 0 0;
    .port_info 0 /INPUT 1 "A";
    .port_info 1 /INPUT 1 "B";
    .port_info 2 /OUTPUT 1 "sum";
    .port_info 3 /OUTPUT 1 "carry";
v0x100481f30_0 .net "A", 0 0, v0x1004874c0_0;  1 drivers
v0x1004872c0_0 .net "B", 0 0, v0x100487560_0;  1 drivers
v0x100487360_0 .var "carry", 0 0;
v0x100487400_0 .var "sum", 0 0;
E_0x1004823a0 .event anyedge, v0x100481f30_0, v0x1004872c0_0;
    .scope S_0x10047eb70;
T_0 ;
    %wait E_0x1004823a0;
    %load/vec4 v0x100481f30_0;
    %load/vec4 v0x1004872c0_0;
    %xor;
    %store/vec4 v0x100487400_0, 0, 1;
    %load/vec4 v0x100481f30_0;
    %load/vec4 v0x1004872c0_0;
    %and;
    %store/vec4 v0x100487360_0, 0, 1;
    %jmp T_0;
    .thread T_0, $push;
    .scope S_0x10047e9f0;
T_1 ;
    %pushi/vec4 0, 0, 1;
    %store/vec4 v0x1004874c0_0, 0, 1;
    %pushi/vec4 0, 0, 1;
    %store/vec4 v0x100487560_0, 0, 1;
    %delay 10000, 0;
    %pushi/vec4 0, 0, 1;
    %store/vec4 v0x1004874c0_0, 0, 1;
    %pushi/vec4 1, 0, 1;
    %store/vec4 v0x100487560_0, 0, 1;
    %delay 10000, 0;
    %pushi/vec4 1, 0, 1;
    %store/vec4 v0x1004874c0_0, 0, 1;
    %pushi/vec4 0, 0, 1;
    %store/vec4 v0x100487560_0, 0, 1;
    %delay 10000, 0;
    %pushi/vec4 1, 0, 1;
    %store/vec4 v0x1004874c0_0, 0, 1;
    %pushi/vec4 1, 0, 1;
    %store/vec4 v0x100487560_0, 0, 1;
    %end;
    .thread T_1;
    .scope S_0x10047e9f0;
T_2 ;
    %vpi_call 2 21 "$monitor", $time, " a=%b b=%b | sum=%b   carry=%b", v0x1004874c0_0, v0x100487560_0, v0x1004876a0_0, v0x100487600_0 {0 0 0};
    %end;
    .thread T_2;
    .scope S_0x10047e9f0;
T_3 ;
    %vpi_call 2 25 "$dumpfile", "half_adder.vcd" {0 0 0};
    %vpi_call 2 25 "$dumpvars" {0 0 0};
    %end;
    .thread T_3;
# The file index is used to find the file name in the following table.
:file_names 4;
    "N/A";
    "<interactive>";
    "src/half_adder/half_adder_tb.v";
    "src/half_adder/half_adder.v";
